{"/Users/kerryclements/Documents/front-end-portfolio/react-fundamentals/src/App.tsx": {"path":"/Users/kerryclements/Documents/front-end-portfolio/react-fundamentals/src/App.tsx","all":true,"statementMap":{"0":{"start":{"line":1,"column":0},"end":{"line":1,"column":51}},"2":{"start":{"line":3,"column":0},"end":{"line":3,"column":16}},"3":{"start":{"line":4,"column":0},"end":{"line":4,"column":10}},"4":{"start":{"line":5,"column":0},"end":{"line":5,"column":9}},"5":{"start":{"line":6,"column":0},"end":{"line":6,"column":33}},"6":{"start":{"line":7,"column":0},"end":{"line":7,"column":70}},"7":{"start":{"line":8,"column":0},"end":{"line":8,"column":10}},"9":{"start":{"line":10,"column":0},"end":{"line":10,"column":1}},"11":{"start":{"line":12,"column":0},"end":{"line":12,"column":19}}},"s":{"0":0,"2":0,"3":0,"4":0,"5":0,"6":0,"7":0,"9":0,"11":0},"branchMap":{"0":{"type":"branch","line":1,"loc":{"start":{"line":1,"column":234},"end":{"line":12,"column":19}},"locations":[{"start":{"line":1,"column":234},"end":{"line":12,"column":19}}]}},"b":{"0":[0]},"fnMap":{"0":{"name":"(empty-report)","decl":{"start":{"line":1,"column":234},"end":{"line":12,"column":19}},"loc":{"start":{"line":1,"column":234},"end":{"line":12,"column":19}},"line":1}},"f":{"0":0}}
,"/Users/kerryclements/Documents/front-end-portfolio/react-fundamentals/src/main.tsx": {"path":"/Users/kerryclements/Documents/front-end-portfolio/react-fundamentals/src/main.tsx","all":true,"statementMap":{"0":{"start":{"line":1,"column":0},"end":{"line":1,"column":34}},"1":{"start":{"line":2,"column":0},"end":{"line":2,"column":45}},"2":{"start":{"line":3,"column":0},"end":{"line":3,"column":20}},"3":{"start":{"line":4,"column":0},"end":{"line":4,"column":27}},"5":{"start":{"line":6,"column":0},"end":{"line":6,"column":52}},"6":{"start":{"line":7,"column":0},"end":{"line":7,"column":14}},"7":{"start":{"line":8,"column":0},"end":{"line":8,"column":11}},"8":{"start":{"line":9,"column":0},"end":{"line":9,"column":16}},"9":{"start":{"line":10,"column":0},"end":{"line":10,"column":1}}},"s":{"0":0,"1":0,"2":0,"3":0,"5":0,"6":0,"7":0,"8":0,"9":0},"branchMap":{"0":{"type":"branch","line":1,"loc":{"start":{"line":1,"column":203},"end":{"line":10,"column":-148}},"locations":[{"start":{"line":1,"column":203},"end":{"line":10,"column":-148}}]}},"b":{"0":[0]},"fnMap":{"0":{"name":"(empty-report)","decl":{"start":{"line":1,"column":203},"end":{"line":10,"column":-148}},"loc":{"start":{"line":1,"column":203},"end":{"line":10,"column":-148}},"line":1}},"f":{"0":0}}
,"/Users/kerryclements/Documents/front-end-portfolio/react-fundamentals/src/components/DataDisplay.tsx": {"path":"/Users/kerryclements/Documents/front-end-portfolio/react-fundamentals/src/components/DataDisplay.tsx","all":false,"statementMap":{"0":{"start":{"line":1,"column":0},"end":{"line":1,"column":41}},"11":{"start":{"line":12,"column":0},"end":{"line":12,"column":52}},"12":{"start":{"line":13,"column":0},"end":{"line":13,"column":59}},"13":{"start":{"line":14,"column":0},"end":{"line":14,"column":20}},"14":{"start":{"line":15,"column":0},"end":{"line":15,"column":14}},"15":{"start":{"line":16,"column":0},"end":{"line":16,"column":12}},"16":{"start":{"line":17,"column":0},"end":{"line":17,"column":47}},"17":{"start":{"line":18,"column":0},"end":{"line":18,"column":66}},"18":{"start":{"line":19,"column":0},"end":{"line":19,"column":48}},"19":{"start":{"line":20,"column":0},"end":{"line":20,"column":12}},"22":{"start":{"line":23,"column":0},"end":{"line":23,"column":12}},"23":{"start":{"line":24,"column":0},"end":{"line":24,"column":12}},"24":{"start":{"line":25,"column":0},"end":{"line":25,"column":24}},"25":{"start":{"line":26,"column":0},"end":{"line":26,"column":65}},"26":{"start":{"line":27,"column":0},"end":{"line":27,"column":12}},"29":{"start":{"line":30,"column":0},"end":{"line":30,"column":33}},"30":{"start":{"line":31,"column":0},"end":{"line":31,"column":12}},"31":{"start":{"line":32,"column":0},"end":{"line":32,"column":11}},"32":{"start":{"line":33,"column":0},"end":{"line":33,"column":57}},"33":{"start":{"line":34,"column":0},"end":{"line":34,"column":55}},"34":{"start":{"line":35,"column":0},"end":{"line":35,"column":12}},"37":{"start":{"line":38,"column":0},"end":{"line":38,"column":10}},"38":{"start":{"line":39,"column":0},"end":{"line":39,"column":8}},"39":{"start":{"line":40,"column":0},"end":{"line":40,"column":24}},"40":{"start":{"line":41,"column":0},"end":{"line":41,"column":44}},"41":{"start":{"line":42,"column":0},"end":{"line":42,"column":9}},"42":{"start":{"line":43,"column":0},"end":{"line":43,"column":9}},"44":{"start":{"line":45,"column":0},"end":{"line":45,"column":2}},"46":{"start":{"line":47,"column":0},"end":{"line":47,"column":27}}},"s":{"0":1,"11":1,"12":7,"13":7,"14":7,"15":7,"16":4,"17":4,"18":4,"19":4,"22":3,"23":3,"24":1,"25":1,"26":1,"29":2,"30":7,"31":1,"32":1,"33":1,"34":1,"37":1,"38":1,"39":1,"40":1,"41":1,"42":1,"44":1,"46":1},"branchMap":{"0":{"type":"branch","line":12,"loc":{"start":{"line":12,"column":20},"end":{"line":45,"column":2}},"locations":[{"start":{"line":12,"column":20},"end":{"line":45,"column":2}}]},"1":{"type":"branch","line":16,"loc":{"start":{"line":16,"column":4},"end":{"line":20,"column":12}},"locations":[{"start":{"line":16,"column":4},"end":{"line":20,"column":12}}]},"2":{"type":"branch","line":20,"loc":{"start":{"line":20,"column":6},"end":{"line":24,"column":12}},"locations":[{"start":{"line":20,"column":6},"end":{"line":24,"column":12}}]},"3":{"type":"branch","line":24,"loc":{"start":{"line":24,"column":4},"end":{"line":27,"column":12}},"locations":[{"start":{"line":24,"column":4},"end":{"line":27,"column":12}}]},"4":{"type":"branch","line":27,"loc":{"start":{"line":27,"column":6},"end":{"line":30,"column":33}},"locations":[{"start":{"line":27,"column":6},"end":{"line":30,"column":33}}]},"5":{"type":"branch","line":31,"loc":{"start":{"line":31,"column":4},"end":{"line":45,"column":2}},"locations":[{"start":{"line":31,"column":4},"end":{"line":45,"column":2}}]},"6":{"type":"branch","line":40,"loc":{"start":{"line":40,"column":16},"end":{"line":41,"column":44}},"locations":[{"start":{"line":40,"column":16},"end":{"line":41,"column":44}}]}},"b":{"0":[7],"1":[4],"2":[3],"3":[1],"4":[2],"5":[1],"6":[1]},"fnMap":{"0":{"name":"DataDisplay","decl":{"start":{"line":12,"column":20},"end":{"line":45,"column":2}},"loc":{"start":{"line":12,"column":20},"end":{"line":45,"column":2}},"line":12}},"f":{"0":7}}
,"/Users/kerryclements/Documents/front-end-portfolio/react-fundamentals/src/hooks/useFetch.ts": {"path":"/Users/kerryclements/Documents/front-end-portfolio/react-fundamentals/src/hooks/useFetch.ts","all":false,"statementMap":{"0":{"start":{"line":1,"column":0},"end":{"line":1,"column":44}},"2":{"start":{"line":3,"column":0},"end":{"line":3,"column":38}},"3":{"start":{"line":4,"column":0},"end":{"line":4,"column":56}},"4":{"start":{"line":5,"column":0},"end":{"line":5,"column":57}},"5":{"start":{"line":6,"column":0},"end":{"line":6,"column":51}},"7":{"start":{"line":8,"column":0},"end":{"line":8,"column":19}},"8":{"start":{"line":9,"column":0},"end":{"line":9,"column":35}},"9":{"start":{"line":10,"column":0},"end":{"line":10,"column":11}},"10":{"start":{"line":11,"column":0},"end":{"line":11,"column":42}},"11":{"start":{"line":12,"column":0},"end":{"line":12,"column":27}},"12":{"start":{"line":13,"column":0},"end":{"line":13,"column":59}},"13":{"start":{"line":14,"column":0},"end":{"line":14,"column":9}},"14":{"start":{"line":15,"column":0},"end":{"line":15,"column":43}},"15":{"start":{"line":16,"column":0},"end":{"line":16,"column":22}},"16":{"start":{"line":17,"column":0},"end":{"line":17,"column":26}},"17":{"start":{"line":18,"column":0},"end":{"line":18,"column":21}},"18":{"start":{"line":19,"column":0},"end":{"line":19,"column":31}},"19":{"start":{"line":20,"column":0},"end":{"line":20,"column":26}},"20":{"start":{"line":21,"column":0},"end":{"line":21,"column":7}},"21":{"start":{"line":22,"column":0},"end":{"line":22,"column":6}},"23":{"start":{"line":24,"column":0},"end":{"line":24,"column":16}},"24":{"start":{"line":25,"column":0},"end":{"line":25,"column":12}},"25":{"start":{"line":26,"column":0},"end":{"line":26,"column":34}},"26":{"start":{"line":27,"column":0},"end":{"line":27,"column":2}},"28":{"start":{"line":29,"column":0},"end":{"line":29,"column":24}}},"s":{"0":1,"2":1,"3":16,"4":16,"5":16,"7":16,"8":9,"9":9,"10":9,"11":9,"12":1,"13":1,"14":6,"15":6,"16":6,"17":9,"18":3,"19":3,"20":3,"21":9,"23":9,"24":16,"25":16,"26":16,"28":1},"branchMap":{"0":{"type":"branch","line":3,"loc":{"start":{"line":3,"column":17},"end":{"line":27,"column":2}},"locations":[{"start":{"line":3,"column":17},"end":{"line":27,"column":2}}]},"1":{"type":"branch","line":8,"loc":{"start":{"line":8,"column":12},"end":{"line":25,"column":5}},"locations":[{"start":{"line":8,"column":12},"end":{"line":25,"column":5}}]},"2":{"type":"branch","line":9,"loc":{"start":{"line":9,"column":22},"end":{"line":22,"column":6}},"locations":[{"start":{"line":9,"column":22},"end":{"line":22,"column":6}}]},"3":{"type":"branch","line":11,"loc":{"start":{"line":11,"column":40},"end":{"line":12,"column":26}},"locations":[{"start":{"line":11,"column":40},"end":{"line":12,"column":26}}]},"4":{"type":"branch","line":12,"loc":{"start":{"line":12,"column":26},"end":{"line":14,"column":9}},"locations":[{"start":{"line":12,"column":26},"end":{"line":14,"column":9}}]},"5":{"type":"branch","line":14,"loc":{"start":{"line":14,"column":8},"end":{"line":18,"column":15}},"locations":[{"start":{"line":14,"column":8},"end":{"line":18,"column":15}}]},"6":{"type":"branch","line":18,"loc":{"start":{"line":18,"column":6},"end":{"line":21,"column":7}},"locations":[{"start":{"line":18,"column":6},"end":{"line":21,"column":7}}]}},"b":{"0":[16],"1":[9],"2":[9],"3":[7],"4":[1],"5":[6],"6":[3]},"fnMap":{"0":{"name":"useFetch","decl":{"start":{"line":3,"column":17},"end":{"line":27,"column":2}},"loc":{"start":{"line":3,"column":17},"end":{"line":27,"column":2}},"line":3},"1":{"name":"fetchData","decl":{"start":{"line":9,"column":22},"end":{"line":22,"column":6}},"loc":{"start":{"line":9,"column":22},"end":{"line":22,"column":6}},"line":9}},"f":{"0":16,"1":9}}
}
